15:45:55.939 [main] INFO  api.test.UserTests - *************** Creating user **************
15:45:59.627 [main] INFO  api.test.UserTests - *************** User created **************
15:45:59.646 [main] INFO  api.test.UserTests - *************** Reading User info **************
15:46:05.281 [main] INFO  api.test.UserTests - *************** User info displayed **************
15:46:05.284 [main] INFO  api.test.UserTests - *************** Updating user **************
15:46:07.413 [main] INFO  api.test.UserTests - *************** User updated **************
15:46:08.708 [main] INFO  api.test.UserTests - *************** Deleting user **************
15:46:09.911 [main] INFO  api.test.UserTests - ***************  User deleted **************
17:25:39.099 [main] INFO  api.test.UserTests2 - *************** Creating user **************
17:25:47.786 [main] INFO  api.test.UserTests2 - *************** User created **************
17:25:47.806 [main] INFO  api.test.UserTests2 - *************** Reading User info **************
17:25:49.049 [main] INFO  api.test.UserTests2 - *************** User info displayed **************
17:25:49.051 [main] INFO  api.test.UserTests2 - *************** Updating user **************
17:25:50.428 [main] INFO  api.test.UserTests2 - *************** User updated **************
17:25:52.153 [main] INFO  api.test.UserTests2 - *************** Deleting user **************
17:25:53.367 [main] INFO  api.test.UserTests2 - ***************  User deleted **************
22:25:02.292 [main] INFO  api.test.UserTests - *************** Creating user **************
22:25:03.852 [main] INFO  api.test.UserTests - *************** User created **************
22:25:03.856 [main] INFO  api.test.UserTests - *************** Reading User info **************
22:25:05.270 [main] INFO  api.test.UserTests - *************** User info displayed **************
22:25:05.273 [main] INFO  api.test.UserTests - *************** Updating user **************
22:25:06.671 [main] INFO  api.test.UserTests - *************** User updated **************
22:25:08.062 [main] INFO  api.test.UserTests - *************** Deleting user **************
22:25:09.423 [main] INFO  api.test.UserTests - ***************  User deleted **************
15:07:15.986 [main] INFO  api.test.UserTests2 - *************** Creating user **************
15:07:19.404 [main] INFO  api.test.UserTests2 - *************** User created **************
15:07:19.420 [main] INFO  api.test.UserTests2 - *************** Reading User info **************
15:07:20.838 [main] INFO  api.test.UserTests2 - *************** User info displayed **************
15:07:20.840 [main] INFO  api.test.UserTests2 - *************** Updating user **************
15:07:22.466 [main] INFO  api.test.UserTests2 - *************** User updated **************
15:07:23.891 [main] INFO  api.test.UserTests2 - *************** Deleting user **************
15:07:25.249 [main] INFO  api.test.UserTests2 - ***************  User deleted **************
19:34:12.246 [main] INFO  api.test.UserTests2 - *************** Creating user **************
19:34:15.644 [main] INFO  api.test.UserTests2 - *************** User created **************
19:34:15.657 [main] INFO  api.test.UserTests2 - *************** Reading User info **************
19:34:17.169 [main] INFO  api.test.UserTests2 - *************** User info displayed **************
19:34:17.173 [main] INFO  api.test.UserTests2 - *************** Updating user **************
19:34:18.784 [main] INFO  api.test.UserTests2 - *************** User updated **************
19:34:20.708 [main] INFO  api.test.UserTests2 - *************** Deleting user **************
19:34:22.156 [main] INFO  api.test.UserTests2 - ***************  User deleted **************
